# JRE version: OpenJDK Runtime Environment (21.0.3) (build 21.0.3+-12282718-b509.11)
# Java VM: OpenJDK 64-Bit Server VM (21.0.3+-12282718-b509.11, mixed mode, tiered, compressed oops, compressed class ptrs, g1 gc, windows-amd64)
GC Precious Log:
 CardTable entry size: 512
 Card Set container configuration: InlinePtr #cards 5 size 8 Array Of Cards #cards 12 size 40 Howl #buckets 4 coarsen threshold 1843 Howl Bitmap #cards 512 size 80 coarsen threshold 460 Card regions per heap region 1 cards per card region 2048
 CPUs: 8 total, 8 available
 Memory: 7834M
 Large Page Support: Disabled
 NUMA Support: Disabled
 Compressed Oops: Enabled (32-bit)
 Heap Region Size: 1M
 Heap Min Capacity: 8M
 Heap Initial Capacity: 124M
 Heap Max Capacity: 2G
 Pre-touch: Disabled
 Parallel Workers: 8
 Concurrent Workers: 2
 Concurrent Refinement Workers: 8
 Periodic GC: Disabled
Heap:
 garbage-first heap   total 423936K, used 169784K [0x0000000080000000, 0x0000000100000000)
  region size 1024K, 1 young (1024K), 1 survivors (1024K)
 Metaspace       used 124077K, committed 126208K, reserved 1179648K
  class space    used 17436K, committed 18496K, reserved 1048576K
GC Heap History (20 events):
Event: 23.211 GC heap after
{Heap after GC invocations=42 (full 0):
 garbage-first heap   total 211968K, used 126133K [0x0000000080000000, 0x0000000100000000)
  region size 1024K, 9 young (9216K), 9 survivors (9216K)
 Metaspace       used 112358K, committed 114496K, reserved 1179648K
  class space    used 15697K, committed 16768K, reserved 1048576K
}
Event: 23.432 GC heap before
{Heap before GC invocations=42 (full 0):
 garbage-first heap   total 211968K, used 185525K [0x0000000080000000, 0x0000000100000000)
  region size 1024K, 67 young (68608K), 9 survivors (9216K)
 Metaspace       used 113751K, committed 115904K, reserved 1179648K
  class space    used 15870K, committed 16960K, reserved 1048576K
}
Event: 23.457 GC heap after
{Heap after GC invocations=43 (full 0):
 garbage-first heap   total 423936K, used 138240K [0x0000000080000000, 0x0000000100000000)
  region size 1024K, 9 young (9216K), 9 survivors (9216K)
 Metaspace       used 113751K, committed 115904K, reserved 1179648K
  class space    used 15870K, committed 16960K, reserved 1048576K
}
Event: 26.603 GC heap before
{Heap before GC invocations=44 (full 0):
 garbage-first heap   total 423936K, used 332800K [0x0000000080000000, 0x0000000100000000)
  region size 1024K, 200 young (204800K), 9 survivors (9216K)
 Metaspace       used 120073K, committed 122240K, reserved 1179648K
  class space    used 16975K, committed 18048K, reserved 1048576K
}
Event: 26.738 GC heap after
{Heap after GC invocations=45 (full 0):
 garbage-first heap   total 423936K, used 164344K [0x0000000080000000, 0x0000000100000000)
  region size 1024K, 25 young (25600K), 25 survivors (25600K)
 Metaspace       used 120073K, committed 122240K, reserved 1179648K
  class space    used 16975K, committed 18048K, reserved 1048576K
}
Event: 27.222 GC heap before
{Heap before GC invocations=45 (full 0):
 garbage-first heap   total 423936K, used 323064K [0x0000000080000000, 0x0000000100000000)
  region size 1024K, 180 young (184320K), 25 survivors (25600K)
 Metaspace       used 121351K, committed 123520K, reserved 1179648K
  class space    used 17085K, committed 18176K, reserved 1048576K
}
Event: 27.284 GC heap after
{Heap after GC invocations=46 (full 0):
 garbage-first heap   total 423936K, used 167936K [0x0000000080000000, 0x0000000100000000)
  region size 1024K, 4 young (4096K), 4 survivors (4096K)
 Metaspace       used 121351K, committed 123520K, reserved 1179648K
  class space    used 17085K, committed 18176K, reserved 1048576K
}
Event: 28.372 GC heap before
{Heap before GC invocations=46 (full 0):
 garbage-first heap   total 423936K, used 343040K [0x0000000080000000, 0x0000000100000000)
  region size 1024K, 175 young (179200K), 4 survivors (4096K)
 Metaspace       used 122303K, committed 124416K, reserved 1179648K
  class space    used 17165K, committed 18240K, reserved 1048576K
}
Event: 28.385 GC heap after
{Heap after GC invocations=47 (full 0):
 garbage-first heap   total 423936K, used 166662K [0x0000000080000000, 0x0000000100000000)
  region size 1024K, 3 young (3072K), 3 survivors (3072K)
 Metaspace       used 122303K, committed 124416K, reserved 1179648K
  class space    used 17165K, committed 18240K, reserved 1048576K
}
Event: 28.818 GC heap before
{Heap before GC invocations=47 (full 0):
 garbage-first heap   total 423936K, used 361222K [0x0000000080000000, 0x0000000100000000)
  region size 1024K, 194 young (198656K), 3 survivors (3072K)
 Metaspace       used 123031K, committed 125248K, reserved 1179648K
  class space    used 17271K, committed 18368K, reserved 1048576K
}
Event: 28.823 GC heap after
{Heap after GC invocations=48 (full 0):
 garbage-first heap   total 423936K, used 167144K [0x0000000080000000, 0x0000000100000000)
  region size 1024K, 4 young (4096K), 4 survivors (4096K)
 Metaspace       used 123031K, committed 125248K, reserved 1179648K
  class space    used 17271K, committed 18368K, reserved 1048576K
}
Event: 29.183 GC heap before
{Heap before GC invocations=48 (full 0):
 garbage-first heap   total 423936K, used 375016K [0x0000000080000000, 0x0000000100000000)
  region size 1024K, 208 young (212992K), 4 survivors (4096K)
 Metaspace       used 123874K, committed 126016K, reserved 1179648K
  class space    used 17402K, committed 18496K, reserved 1048576K
}
Event: 29.189 GC heap after
{Heap after GC invocations=49 (full 0):
 garbage-first heap   total 423936K, used 169413K [0x0000000080000000, 0x0000000100000000)
  region size 1024K, 6 young (6144K), 6 survivors (6144K)
 Metaspace       used 123874K, committed 126016K, reserved 1179648K
  class space    used 17402K, committed 18496K, reserved 1048576K
}
Event: 29.731 GC heap before
{Heap before GC invocations=49 (full 0):
 garbage-first heap   total 423936K, used 386501K [0x0000000080000000, 0x0000000100000000)
  region size 1024K, 218 young (223232K), 6 survivors (6144K)
 Metaspace       used 124007K, committed 126144K, reserved 1179648K
  class space    used 17423K, committed 18496K, reserved 1048576K
}
Event: 31.489 GC heap after
{Heap after GC invocations=50 (full 0):
 garbage-first heap   total 423936K, used 169055K [0x0000000080000000, 0x0000000100000000)
  region size 1024K, 6 young (6144K), 6 survivors (6144K)
 Metaspace       used 124007K, committed 126144K, reserved 1179648K
  class space    used 17423K, committed 18496K, reserved 1048576K
}
Event: 31.534 GC heap before
{Heap before GC invocations=50 (full 0):
 garbage-first heap   total 423936K, used 183391K [0x0000000080000000, 0x0000000100000000)
  region size 1024K, 20 young (20480K), 6 survivors (6144K)
 Metaspace       used 124009K, committed 126144K, reserved 1179648K
  class space    used 17424K, committed 18496K, reserved 1048576K
}
Event: 32.188 GC heap after
{Heap after GC invocations=51 (full 0):
 garbage-first heap   total 423936K, used 169786K [0x0000000080000000, 0x0000000100000000)
  region size 1024K, 3 young (3072K), 3 survivors (3072K)
 Metaspace       used 124009K, committed 126144K, reserved 1179648K
  class space    used 17424K, committed 18496K, reserved 1048576K
}
Event: 32.218 GC heap before
{Heap before GC invocations=51 (full 0):
 garbage-first heap   total 423936K, used 189242K [0x0000000080000000, 0x0000000100000000)
  region size 1024K, 22 young (22528K), 3 survivors (3072K)
 Metaspace       used 124012K, committed 126144K, reserved 1179648K
  class space    used 17424K, committed 18496K, reserved 1048576K
}
Event: 32.222 GC heap after
{Heap after GC invocations=52 (full 0):
 garbage-first heap   total 423936K, used 169434K [0x0000000080000000, 0x0000000100000000)
  region size 1024K, 1 young (1024K), 1 survivors (1024K)
 Metaspace       used 124012K, committed 126144K, reserved 1179648K
  class space    used 17424K, committed 18496K, reserved 1048576K
}
Event: 32.532 GC heap before
{Heap before GC invocations=52 (full 0):
 garbage-first heap   total 423936K, used 237018K [0x0000000080000000, 0x0000000100000000)
  region size 1024K, 68 young (69632K), 1 survivors (1024K)
 Metaspace       used 124077K, committed 126208K, reserved 1179648K
  class space    used 17436K, committed 18496K, reserved 1048576K
}

